# JRE version: Java(TM) SE Runtime Environment (8.0_121-b13) (build 1.8.0_121-b13)
# Java VM: Java HotSpot(TM) 64-Bit Server VM (25.121-b13 mixed mode windows-amd64 compressed oops)
Heap:
 PSYoungGen      total 677376K, used 665600K [0x00000000d5f00000, 0x0000000100000000, 0x0000000100000000)
  eden space 665600K, 100% used [0x00000000d5f00000,0x00000000fe900000,0x00000000fe900000)
  from space 11776K, 0% used [0x00000000fe900000,0x00000000fe900000,0x00000000ff480000)
  to   space 11776K, 0% used [0x00000000ff480000,0x00000000ff480000,0x0000000100000000)
 ParOldGen       total 1379328K, used 1379327K [0x0000000081c00000, 0x00000000d5f00000, 0x00000000d5f00000)
  object space 1379328K, 99% used [0x0000000081c00000,0x00000000d5effd70,0x00000000d5f00000)
 Metaspace       used 4200K, capacity 4740K, committed 4864K, reserved 1056768K
  class space    used 458K, capacity 495K, committed 512K, reserved 1048576K
GC Heap History (10 events):
Event: 1578.058 GC heap after
Heap after GC invocations=1344 (full 127):
 PSYoungGen      total 677376K, used 168159K [0x00000000d5f00000, 0x0000000100000000, 0x0000000100000000)
  eden space 665600K, 25% used [0x00000000d5f00000,0x00000000e0337c50,0x00000000fe900000)
  from space 11776K, 0% used [0x00000000fe900000,0x00000000fe900000,0x00000000ff480000)
  to   space 11776K, 0% used [0x00000000ff480000,0x00000000ff480000,0x0000000100000000)
 ParOldGen       total 1379328K, used 1379327K [0x0000000081c00000, 0x00000000d5f00000, 0x00000000d5f00000)
  object space 1379328K, 99% used [0x0000000081c00000,0x00000000d5effd70,0x00000000d5f00000)
 Metaspace       used 4200K, capacity 4740K, committed 4864K, reserved 1056768K
  class space    used 458K, capacity 495K, committed 512K, reserved 1048576K
}
Event: 1578.848 GC heap before
{Heap before GC invocations=1345 (full 128):
 PSYoungGen      total 677376K, used 665600K [0x00000000d5f00000, 0x0000000100000000, 0x0000000100000000)
  eden space 665600K, 100% used [0x00000000d5f00000,0x00000000fe900000,0x00000000fe900000)
  from space 11776K, 0% used [0x00000000fe900000,0x00000000fe900000,0x00000000ff480000)
  to   space 11776K, 0% used [0x00000000ff480000,0x00000000ff480000,0x0000000100000000)
 ParOldGen       total 1379328K, used 1379327K [0x0000000081c00000, 0x00000000d5f00000, 0x00000000d5f00000)
  object space 1379328K, 99% used [0x0000000081c00000,0x00000000d5effd70,0x00000000d5f00000)
 Metaspace       used 4200K, capacity 4740K, committed 4864K, reserved 1056768K
  class space    used 458K, capacity 495K, committed 512K, reserved 1048576K
Event: 1582.240 GC heap after
Heap after GC invocations=1345 (full 128):
 PSYoungGen      total 677376K, used 169327K [0x00000000d5f00000, 0x0000000100000000, 0x0000000100000000)
  eden space 665600K, 25% used [0x00000000d5f00000,0x00000000e045bd68,0x00000000fe900000)
  from space 11776K, 0% used [0x00000000fe900000,0x00000000fe900000,0x00000000ff480000)
  to   space 11776K, 0% used [0x00000000ff480000,0x00000000ff480000,0x0000000100000000)
 ParOldGen       total 1379328K, used 1379327K [0x0000000081c00000, 0x00000000d5f00000, 0x00000000d5f00000)
  object space 1379328K, 99% used [0x0000000081c00000,0x00000000d5effd70,0x00000000d5f00000)
 Metaspace       used 4200K, capacity 4740K, committed 4864K, reserved 1056768K
  class space    used 458K, capacity 495K, committed 512K, reserved 1048576K
}
Event: 1583.233 GC heap before
{Heap before GC invocations=1346 (full 129):
 PSYoungGen      total 677376K, used 665600K [0x00000000d5f00000, 0x0000000100000000, 0x0000000100000000)
  eden space 665600K, 100% used [0x00000000d5f00000,0x00000000fe900000,0x00000000fe900000)
  from space 11776K, 0% used [0x00000000fe900000,0x00000000fe900000,0x00000000ff480000)
  to   space 11776K, 0% used [0x00000000ff480000,0x00000000ff480000,0x0000000100000000)
 ParOldGen       total 1379328K, used 1379327K [0x0000000081c00000, 0x00000000d5f00000, 0x00000000d5f00000)
  object space 1379328K, 99% used [0x0000000081c00000,0x00000000d5effd70,0x00000000d5f00000)
 Metaspace       used 4200K, capacity 4740K, committed 4864K, reserved 1056768K
  class space    used 458K, capacity 495K, committed 512K, reserved 1048576K
Event: 1586.439 GC heap after
Heap after GC invocations=1346 (full 129):
 PSYoungGen      total 677376K, used 170512K [0x00000000d5f00000, 0x0000000100000000, 0x0000000100000000)
  eden space 665600K, 25% used [0x00000000d5f00000,0x00000000e0584330,0x00000000fe900000)
  from space 11776K, 0% used [0x00000000fe900000,0x00000000fe900000,0x00000000ff480000)
  to   space 11776K, 0% used [0x00000000ff480000,0x00000000ff480000,0x0000000100000000)
 ParOldGen       total 1379328K, used 1379327K [0x0000000081c00000, 0x00000000d5f00000, 0x00000000d5f00000)
  object space 1379328K, 99% used [0x0000000081c00000,0x00000000d5effd70,0x00000000d5f00000)
 Metaspace       used 4200K, capacity 4740K, committed 4864K, reserved 1056768K
  class space    used 458K, capacity 495K, committed 512K, reserved 1048576K
}
Event: 1587.495 GC heap before
{Heap before GC invocations=1347 (full 130):
 PSYoungGen      total 677376K, used 665600K [0x00000000d5f00000, 0x0000000100000000, 0x0000000100000000)
  eden space 665600K, 100% used [0x00000000d5f00000,0x00000000fe900000,0x00000000fe900000)
  from space 11776K, 0% used [0x00000000fe900000,0x00000000fe900000,0x00000000ff480000)
  to   space 11776K, 0% used [0x00000000ff480000,0x00000000ff480000,0x0000000100000000)
 ParOldGen       total 1379328K, used 1379327K [0x0000000081c00000, 0x00000000d5f00000, 0x00000000d5f00000)
  object space 1379328K, 99% used [0x0000000081c00000,0x00000000d5effd70,0x00000000d5f00000)
 Metaspace       used 4200K, capacity 4740K, committed 4864K, reserved 1056768K
  class space    used 458K, capacity 495K, committed 512K, reserved 1048576K
Event: 1590.831 GC heap after
Heap after GC invocations=1347 (full 130):
 PSYoungGen      total 677376K, used 171655K [0x00000000d5f00000, 0x0000000100000000, 0x0000000100000000)
  eden space 665600K, 25% used [0x00000000d5f00000,0x00000000e06a1c58,0x00000000fe900000)
  from space 11776K, 0% used [0x00000000fe900000,0x00000000fe900000,0x00000000ff480000)
  to   space 11776K, 0% used [0x00000000ff480000,0x00000000ff480000,0x0000000100000000)
 ParOldGen       total 1379328K, used 1379327K [0x0000000081c00000, 0x00000000d5f00000, 0x00000000d5f00000)
  object space 1379328K, 99% used [0x0000000081c00000,0x00000000d5effd70,0x00000000d5f00000)
 Metaspace       used 4200K, capacity 4740K, committed 4864K, reserved 1056768K
  class space    used 458K, capacity 495K, committed 512K, reserved 1048576K
}
Event: 1591.886 GC heap before
{Heap before GC invocations=1348 (full 131):
 PSYoungGen      total 677376K, used 665600K [0x00000000d5f00000, 0x0000000100000000, 0x0000000100000000)
  eden space 665600K, 100% used [0x00000000d5f00000,0x00000000fe900000,0x00000000fe900000)
  from space 11776K, 0% used [0x00000000fe900000,0x00000000fe900000,0x00000000ff480000)
  to   space 11776K, 0% used [0x00000000ff480000,0x00000000ff480000,0x0000000100000000)
 ParOldGen       total 1379328K, used 1379327K [0x0000000081c00000, 0x00000000d5f00000, 0x00000000d5f00000)
  object space 1379328K, 99% used [0x0000000081c00000,0x00000000d5effd70,0x00000000d5f00000)
 Metaspace       used 4200K, capacity 4740K, committed 4864K, reserved 1056768K
  class space    used 458K, capacity 495K, committed 512K, reserved 1048576K
Event: 1595.154 GC heap after
Heap after GC invocations=1348 (full 131):
 PSYoungGen      total 677376K, used 172816K [0x00000000d5f00000, 0x0000000100000000, 0x0000000100000000)
  eden space 665600K, 25% used [0x00000000d5f00000,0x00000000e07c4178,0x00000000fe900000)
  from space 11776K, 0% used [0x00000000fe900000,0x00000000fe900000,0x00000000ff480000)
  to   space 11776K, 0% used [0x00000000ff480000,0x00000000ff480000,0x0000000100000000)
 ParOldGen       total 1379328K, used 1379327K [0x0000000081c00000, 0x00000000d5f00000, 0x00000000d5f00000)
  object space 1379328K, 99% used [0x0000000081c00000,0x00000000d5effd70,0x00000000d5f00000)
 Metaspace       used 4200K, capacity 4740K, committed 4864K, reserved 1056768K
  class space    used 458K, capacity 495K, committed 512K, reserved 1048576K
}
Event: 1596.012 GC heap before
{Heap before GC invocations=1349 (full 132):
 PSYoungGen      total 677376K, used 665600K [0x00000000d5f00000, 0x0000000100000000, 0x0000000100000000)
  eden space 665600K, 100% used [0x00000000d5f00000,0x00000000fe900000,0x00000000fe900000)
  from space 11776K, 0% used [0x00000000fe900000,0x00000000fe900000,0x00000000ff480000)
  to   space 11776K, 0% used [0x00000000ff480000,0x00000000ff480000,0x0000000100000000)
 ParOldGen       total 1379328K, used 1379327K [0x0000000081c00000, 0x00000000d5f00000, 0x00000000d5f00000)
  object space 1379328K, 99% used [0x0000000081c00000,0x00000000d5effd70,0x00000000d5f00000)
 Metaspace       used 4200K, capacity 4740K, committed 4864K, reserved 1056768K
  class space    used 458K, capacity 495K, committed 512K, reserved 1048576K

